The system is: Linux - 3.10.0-957.el7.x86_64 - x86_64
Compiling the C compiler identification source file "CMakeCCompilerId.c" succeeded.
Compiler: /usr/bin/cc 
Build flags: 
Id flags:  

The output was:
0


Compilation of the C compiler identification source "CMakeCCompilerId.c" produced "a.out"

The C compiler identification is GNU, found in "/home/zhangjizhi/data/G4_IMP/geant4/build/CMakeFiles/3.10.3/CompilerIdC/a.out"

Compiling the CXX compiler identification source file "CMakeCXXCompilerId.cpp" succeeded.
Compiler: /usr/bin/c++ 
Build flags: 
Id flags:  

The output was:
0


Compilation of the CXX compiler identification source "CMakeCXXCompilerId.cpp" produced "a.out"

The CXX compiler identification is GNU, found in "/home/zhangjizhi/data/G4_IMP/geant4/build/CMakeFiles/3.10.3/CompilerIdCXX/a.out"

Compiling the Fortran compiler identification source file "CMakeFortranCompilerId.F" succeeded.
Compiler: /usr/bin/gfortran 
Build flags: 
Id flags: -v 

The output was:
0
驱动： /usr/bin/gfortran -v CMakeFortranCompilerId.F -l gfortran -l m -shared-libgcc
使用内建 specs。
COLLECT_GCC=/usr/bin/gfortran
COLLECT_LTO_WRAPPER=/usr/libexec/gcc/x86_64-unknown-linux-gnu/4.9.2/lto-wrapper
目标：x86_64-unknown-linux-gnu
配置为：./configure --prefix=/usr --mandir=/usr/share/man --infodir=/usr/share/info --enable-checking=release --enable-languages=c,c++,fortran --disable-multilib
线程模型：posix
gcc 版本 4.9.2 (GCC) 
COLLECT_GCC_OPTIONS='-v' '-shared-libgcc' '-mtune=generic' '-march=x86-64'
 /usr/libexec/gcc/x86_64-unknown-linux-gnu/4.9.2/f951 CMakeFortranCompilerId.F -ffixed-form -cpp=/tmp/cczdXG3T.f90 -quiet -v CMakeFortranCompilerId.F -quiet -dumpbase CMakeFortranCompilerId.F -mtune=generic -march=x86-64 -auxbase CMakeFortranCompilerId -version -fintrinsic-modules-path /usr/lib/gcc/x86_64-unknown-linux-gnu/4.9.2/finclude -o /tmp/ccRvYT34.s
GNU Fortran (GCC) 版本 4.9.2 (x86_64-unknown-linux-gnu)
	由 GNU C 版本 4.9.2 编译，GMP 版本 4.3.2，MPFR 版本 2.4.2，MPC 版本 0.8.1
GGC 准则：--param ggc-min-expand=100 --param ggc-min-heapsize=131072
忽略不存在的目录“/usr/lib/gcc/x86_64-unknown-linux-gnu/4.9.2/../../../../x86_64-unknown-linux-gnu/include”
#include "..." 搜索从这里开始：
#include <...> 搜索从这里开始：
 /usr/lib/gcc/x86_64-unknown-linux-gnu/4.9.2/finclude
 /usr/lib/gcc/x86_64-unknown-linux-gnu/4.9.2/include
 /usr/local/include
 /usr/lib/gcc/x86_64-unknown-linux-gnu/4.9.2/include-fixed
 /usr/include
搜索列表结束。
GNU Fortran (GCC) 版本 4.9.2 (x86_64-unknown-linux-gnu)
	由 GNU C 版本 4.9.2 编译，GMP 版本 4.3.2，MPFR 版本 2.4.2，MPC 版本 0.8.1
GGC 准则：--param ggc-min-expand=100 --param ggc-min-heapsize=131072
COLLECT_GCC_OPTIONS='-v' '-shared-libgcc' '-mtune=generic' '-march=x86-64'
 as -v --64 -o /tmp/cc1jlp7f.o /tmp/ccRvYT34.s
GNU assembler version 2.27 (x86_64-redhat-linux) using BFD version version 2.27-41.base.el7
从 /usr/lib/gcc/x86_64-unknown-linux-gnu/4.9.2/../../../../lib64/libgfortran.spec 读取 specs
将 spec lib 重命名为 liborig
COLLECT_GCC_OPTIONS='-v' '-shared-libgcc' '-mtune=generic' '-march=x86-64'
COMPILER_PATH=/usr/libexec/gcc/x86_64-unknown-linux-gnu/4.9.2/:/usr/libexec/gcc/x86_64-unknown-linux-gnu/4.9.2/:/usr/libexec/gcc/x86_64-unknown-linux-gnu/:/usr/lib/gcc/x86_64-unknown-linux-gnu/4.9.2/:/usr/lib/gcc/x86_64-unknown-linux-gnu/
LIBRARY_PATH=/usr/lib/gcc/x86_64-unknown-linux-gnu/4.9.2/:/usr/lib/gcc/x86_64-unknown-linux-gnu/4.9.2/../../../../lib64/:/lib/../lib64/:/usr/lib/../lib64/:/usr/lib/gcc/x86_64-unknown-linux-gnu/4.9.2/../../../:/lib/:/usr/lib/
COLLECT_GCC_OPTIONS='-v' '-shared-libgcc' '-mtune=generic' '-march=x86-64'
 /usr/libexec/gcc/x86_64-unknown-linux-gnu/4.9.2/collect2 --eh-frame-hdr -m elf_x86_64 -dynamic-linker /lib64/ld-linux-x86-64.so.2 /usr/lib/gcc/x86_64-unknown-linux-gnu/4.9.2/../../../../lib64/crt1.o /usr/lib/gcc/x86_64-unknown-linux-gnu/4.9.2/../../../../lib64/crti.o /usr/lib/gcc/x86_64-unknown-linux-gnu/4.9.2/crtbegin.o -L/usr/lib/gcc/x86_64-unknown-linux-gnu/4.9.2 -L/usr/lib/gcc/x86_64-unknown-linux-gnu/4.9.2/../../../../lib64 -L/lib/../lib64 -L/usr/lib/../lib64 -L/usr/lib/gcc/x86_64-unknown-linux-gnu/4.9.2/../../.. /tmp/cc1jlp7f.o -lgfortran -lm -lgcc_s -lgcc -lquadmath -lm -lgcc_s -lgcc -lc -lgcc_s -lgcc /usr/lib/gcc/x86_64-unknown-linux-gnu/4.9.2/crtend.o /usr/lib/gcc/x86_64-unknown-linux-gnu/4.9.2/../../../../lib64/crtn.o


Compilation of the Fortran compiler identification source "CMakeFortranCompilerId.F" produced "a.out"

The Fortran compiler identification is GNU, found in "/home/zhangjizhi/data/G4_IMP/geant4/build/CMakeFiles/3.10.3/CompilerIdFortran/a.out"

Determining if the C compiler works passed with the following output:
Change Dir: /home/zhangjizhi/data/G4_IMP/geant4/build/CMakeFiles/CMakeTmp

Run Build Command:"/usr/bin/gmake" "cmTC_4626d/fast"
/usr/bin/gmake -f CMakeFiles/cmTC_4626d.dir/build.make CMakeFiles/cmTC_4626d.dir/build
gmake[1]: 进入目录“/data/d3/zhangjizhi/G4_IMP/geant4/build/CMakeFiles/CMakeTmp”
Building C object CMakeFiles/cmTC_4626d.dir/testCCompiler.c.o
/usr/bin/cc    -o CMakeFiles/cmTC_4626d.dir/testCCompiler.c.o   -c /home/zhangjizhi/data/G4_IMP/geant4/build/CMakeFiles/CMakeTmp/testCCompiler.c
Linking C executable cmTC_4626d
/usr/bin/cmake -E cmake_link_script CMakeFiles/cmTC_4626d.dir/link.txt --verbose=1
/usr/bin/cc      -rdynamic CMakeFiles/cmTC_4626d.dir/testCCompiler.c.o  -o cmTC_4626d 
gmake[1]: 离开目录“/data/d3/zhangjizhi/G4_IMP/geant4/build/CMakeFiles/CMakeTmp”


Detecting C compiler ABI info compiled with the following output:
Change Dir: /home/zhangjizhi/data/G4_IMP/geant4/build/CMakeFiles/CMakeTmp

Run Build Command:"/usr/bin/gmake" "cmTC_61a29/fast"
/usr/bin/gmake -f CMakeFiles/cmTC_61a29.dir/build.make CMakeFiles/cmTC_61a29.dir/build
gmake[1]: 进入目录“/data/d3/zhangjizhi/G4_IMP/geant4/build/CMakeFiles/CMakeTmp”
Building C object CMakeFiles/cmTC_61a29.dir/CMakeCCompilerABI.c.o
/usr/bin/cc    -o CMakeFiles/cmTC_61a29.dir/CMakeCCompilerABI.c.o   -c /usr/share/cmake-3.10/Modules/CMakeCCompilerABI.c
Linking C executable cmTC_61a29
/usr/bin/cmake -E cmake_link_script CMakeFiles/cmTC_61a29.dir/link.txt --verbose=1
/usr/bin/cc     -v -rdynamic CMakeFiles/cmTC_61a29.dir/CMakeCCompilerABI.c.o  -o cmTC_61a29 
使用内建 specs。
COLLECT_GCC=/usr/bin/cc
COLLECT_LTO_WRAPPER=/usr/libexec/gcc/x86_64-unknown-linux-gnu/4.9.2/lto-wrapper
目标：x86_64-unknown-linux-gnu
配置为：./configure --prefix=/usr --mandir=/usr/share/man --infodir=/usr/share/info --enable-checking=release --enable-languages=c,c++,fortran --disable-multilib
线程模型：posix
gcc 版本 4.9.2 (GCC) 
COMPILER_PATH=/usr/libexec/gcc/x86_64-unknown-linux-gnu/4.9.2/:/usr/libexec/gcc/x86_64-unknown-linux-gnu/4.9.2/:/usr/libexec/gcc/x86_64-unknown-linux-gnu/:/usr/lib/gcc/x86_64-unknown-linux-gnu/4.9.2/:/usr/lib/gcc/x86_64-unknown-linux-gnu/
LIBRARY_PATH=/usr/lib/gcc/x86_64-unknown-linux-gnu/4.9.2/:/usr/lib/gcc/x86_64-unknown-linux-gnu/4.9.2/../../../../lib64/:/lib/../lib64/:/usr/lib/../lib64/:/usr/lib/gcc/x86_64-unknown-linux-gnu/4.9.2/../../../:/lib/:/usr/lib/
COLLECT_GCC_OPTIONS='-v' '-rdynamic' '-o' 'cmTC_61a29' '-mtune=generic' '-march=x86-64'
 /usr/libexec/gcc/x86_64-unknown-linux-gnu/4.9.2/collect2 --eh-frame-hdr -m elf_x86_64 -export-dynamic -dynamic-linker /lib64/ld-linux-x86-64.so.2 -o cmTC_61a29 /usr/lib/gcc/x86_64-unknown-linux-gnu/4.9.2/../../../../lib64/crt1.o /usr/lib/gcc/x86_64-unknown-linux-gnu/4.9.2/../../../../lib64/crti.o /usr/lib/gcc/x86_64-unknown-linux-gnu/4.9.2/crtbegin.o -L/usr/lib/gcc/x86_64-unknown-linux-gnu/4.9.2 -L/usr/lib/gcc/x86_64-unknown-linux-gnu/4.9.2/../../../../lib64 -L/lib/../lib64 -L/usr/lib/../lib64 -L/usr/lib/gcc/x86_64-unknown-linux-gnu/4.9.2/../../.. CMakeFiles/cmTC_61a29.dir/CMakeCCompilerABI.c.o -lgcc --as-needed -lgcc_s --no-as-needed -lc -lgcc --as-needed -lgcc_s --no-as-needed /usr/lib/gcc/x86_64-unknown-linux-gnu/4.9.2/crtend.o /usr/lib/gcc/x86_64-unknown-linux-gnu/4.9.2/../../../../lib64/crtn.o
gmake[1]: 离开目录“/data/d3/zhangjizhi/G4_IMP/geant4/build/CMakeFiles/CMakeTmp”


Parsed C implicit link information from above output:
  link line regex: [^( *|.*[/\])(ld|CMAKE_LINK_STARTFILE-NOTFOUND|([^/\]+-)?ld|collect2)[^/\]*( |$)]
  ignore line: [Change Dir: /home/zhangjizhi/data/G4_IMP/geant4/build/CMakeFiles/CMakeTmp]
  ignore line: []
  ignore line: [Run Build Command:"/usr/bin/gmake" "cmTC_61a29/fast"]
  ignore line: [/usr/bin/gmake -f CMakeFiles/cmTC_61a29.dir/build.make CMakeFiles/cmTC_61a29.dir/build]
  ignore line: [gmake[1]: 进入目录“/data/d3/zhangjizhi/G4_IMP/geant4/build/CMakeFiles/CMakeTmp”]
  ignore line: [Building C object CMakeFiles/cmTC_61a29.dir/CMakeCCompilerABI.c.o]
  ignore line: [/usr/bin/cc    -o CMakeFiles/cmTC_61a29.dir/CMakeCCompilerABI.c.o   -c /usr/share/cmake-3.10/Modules/CMakeCCompilerABI.c]
  ignore line: [Linking C executable cmTC_61a29]
  ignore line: [/usr/bin/cmake -E cmake_link_script CMakeFiles/cmTC_61a29.dir/link.txt --verbose=1]
  ignore line: [/usr/bin/cc     -v -rdynamic CMakeFiles/cmTC_61a29.dir/CMakeCCompilerABI.c.o  -o cmTC_61a29 ]
  ignore line: [使用内建 specs。]
  ignore line: [COLLECT_GCC=/usr/bin/cc]
  ignore line: [COLLECT_LTO_WRAPPER=/usr/libexec/gcc/x86_64-unknown-linux-gnu/4.9.2/lto-wrapper]
  ignore line: [目标：x86_64-unknown-linux-gnu]
  ignore line: [配置为：./configure --prefix=/usr --mandir=/usr/share/man --infodir=/usr/share/info --enable-checking=release --enable-languages=c,c++,fortran --disable-multilib]
  ignore line: [线程模型：posix]
  ignore line: [gcc 版本 4.9.2 (GCC) ]
  ignore line: [COMPILER_PATH=/usr/libexec/gcc/x86_64-unknown-linux-gnu/4.9.2/:/usr/libexec/gcc/x86_64-unknown-linux-gnu/4.9.2/:/usr/libexec/gcc/x86_64-unknown-linux-gnu/:/usr/lib/gcc/x86_64-unknown-linux-gnu/4.9.2/:/usr/lib/gcc/x86_64-unknown-linux-gnu/]
  ignore line: [LIBRARY_PATH=/usr/lib/gcc/x86_64-unknown-linux-gnu/4.9.2/:/usr/lib/gcc/x86_64-unknown-linux-gnu/4.9.2/../../../../lib64/:/lib/../lib64/:/usr/lib/../lib64/:/usr/lib/gcc/x86_64-unknown-linux-gnu/4.9.2/../../../:/lib/:/usr/lib/]
  ignore line: [COLLECT_GCC_OPTIONS='-v' '-rdynamic' '-o' 'cmTC_61a29' '-mtune=generic' '-march=x86-64']
  link line: [ /usr/libexec/gcc/x86_64-unknown-linux-gnu/4.9.2/collect2 --eh-frame-hdr -m elf_x86_64 -export-dynamic -dynamic-linker /lib64/ld-linux-x86-64.so.2 -o cmTC_61a29 /usr/lib/gcc/x86_64-unknown-linux-gnu/4.9.2/../../../../lib64/crt1.o /usr/lib/gcc/x86_64-unknown-linux-gnu/4.9.2/../../../../lib64/crti.o /usr/lib/gcc/x86_64-unknown-linux-gnu/4.9.2/crtbegin.o -L/usr/lib/gcc/x86_64-unknown-linux-gnu/4.9.2 -L/usr/lib/gcc/x86_64-unknown-linux-gnu/4.9.2/../../../../lib64 -L/lib/../lib64 -L/usr/lib/../lib64 -L/usr/lib/gcc/x86_64-unknown-linux-gnu/4.9.2/../../.. CMakeFiles/cmTC_61a29.dir/CMakeCCompilerABI.c.o -lgcc --as-needed -lgcc_s --no-as-needed -lc -lgcc --as-needed -lgcc_s --no-as-needed /usr/lib/gcc/x86_64-unknown-linux-gnu/4.9.2/crtend.o /usr/lib/gcc/x86_64-unknown-linux-gnu/4.9.2/../../../../lib64/crtn.o]
    arg [/usr/libexec/gcc/x86_64-unknown-linux-gnu/4.9.2/collect2] ==> ignore
    arg [--eh-frame-hdr] ==> ignore
    arg [-m] ==> ignore
    arg [elf_x86_64] ==> ignore
    arg [-export-dynamic] ==> ignore
    arg [-dynamic-linker] ==> ignore
    arg [/lib64/ld-linux-x86-64.so.2] ==> ignore
    arg [-o] ==> ignore
    arg [cmTC_61a29] ==> ignore
    arg [/usr/lib/gcc/x86_64-unknown-linux-gnu/4.9.2/../../../../lib64/crt1.o] ==> ignore
    arg [/usr/lib/gcc/x86_64-unknown-linux-gnu/4.9.2/../../../../lib64/crti.o] ==> ignore
    arg [/usr/lib/gcc/x86_64-unknown-linux-gnu/4.9.2/crtbegin.o] ==> ignore
    arg [-L/usr/lib/gcc/x86_64-unknown-linux-gnu/4.9.2] ==> dir [/usr/lib/gcc/x86_64-unknown-linux-gnu/4.9.2]
    arg [-L/usr/lib/gcc/x86_64-unknown-linux-gnu/4.9.2/../../../../lib64] ==> dir [/usr/lib/gcc/x86_64-unknown-linux-gnu/4.9.2/../../../../lib64]
    arg [-L/lib/../lib64] ==> dir [/lib/../lib64]
    arg [-L/usr/lib/../lib64] ==> dir [/usr/lib/../lib64]
    arg [-L/usr/lib/gcc/x86_64-unknown-linux-gnu/4.9.2/../../..] ==> dir [/usr/lib/gcc/x86_64-unknown-linux-gnu/4.9.2/../../..]
    arg [CMakeFiles/cmTC_61a29.dir/CMakeCCompilerABI.c.o] ==> ignore
    arg [-lgcc] ==> lib [gcc]
    arg [--as-needed] ==> ignore
    arg [-lgcc_s] ==> lib [gcc_s]
    arg [--no-as-needed] ==> ignore
    arg [-lc] ==> lib [c]
    arg [-lgcc] ==> lib [gcc]
    arg [--as-needed] ==> ignore
    arg [-lgcc_s] ==> lib [gcc_s]
    arg [--no-as-needed] ==> ignore
    arg [/usr/lib/gcc/x86_64-unknown-linux-gnu/4.9.2/crtend.o] ==> ignore
    arg [/usr/lib/gcc/x86_64-unknown-linux-gnu/4.9.2/../../../../lib64/crtn.o] ==> ignore
  collapse library dir [/usr/lib/gcc/x86_64-unknown-linux-gnu/4.9.2] ==> [/usr/lib/gcc/x86_64-unknown-linux-gnu/4.9.2]
  collapse library dir [/usr/lib/gcc/x86_64-unknown-linux-gnu/4.9.2/../../../../lib64] ==> [/usr/lib64]
  collapse library dir [/lib/../lib64] ==> [/lib64]
  collapse library dir [/usr/lib/../lib64] ==> [/usr/lib64]
  collapse library dir [/usr/lib/gcc/x86_64-unknown-linux-gnu/4.9.2/../../..] ==> [/usr/lib]
  implicit libs: [gcc;gcc_s;c;gcc;gcc_s]
  implicit dirs: [/usr/lib/gcc/x86_64-unknown-linux-gnu/4.9.2;/usr/lib64;/lib64;/usr/lib]
  implicit fwks: []




Detecting C [-std=c11] compiler features compiled with the following output:
Change Dir: /home/zhangjizhi/data/G4_IMP/geant4/build/CMakeFiles/CMakeTmp

Run Build Command:"/usr/bin/gmake" "cmTC_3676a/fast"
/usr/bin/gmake -f CMakeFiles/cmTC_3676a.dir/build.make CMakeFiles/cmTC_3676a.dir/build
gmake[1]: 进入目录“/data/d3/zhangjizhi/G4_IMP/geant4/build/CMakeFiles/CMakeTmp”
Building C object CMakeFiles/cmTC_3676a.dir/feature_tests.c.o
/usr/bin/cc   -std=c11 -o CMakeFiles/cmTC_3676a.dir/feature_tests.c.o   -c /home/zhangjizhi/data/G4_IMP/geant4/build/CMakeFiles/feature_tests.c
Linking C executable cmTC_3676a
/usr/bin/cmake -E cmake_link_script CMakeFiles/cmTC_3676a.dir/link.txt --verbose=1
/usr/bin/cc      -rdynamic CMakeFiles/cmTC_3676a.dir/feature_tests.c.o  -o cmTC_3676a 
gmake[1]: 离开目录“/data/d3/zhangjizhi/G4_IMP/geant4/build/CMakeFiles/CMakeTmp”


    Feature record: C_FEATURE:1c_function_prototypes
    Feature record: C_FEATURE:1c_restrict
    Feature record: C_FEATURE:1c_static_assert
    Feature record: C_FEATURE:1c_variadic_macros


Detecting C [-std=c99] compiler features compiled with the following output:
Change Dir: /home/zhangjizhi/data/G4_IMP/geant4/build/CMakeFiles/CMakeTmp

Run Build Command:"/usr/bin/gmake" "cmTC_15715/fast"
/usr/bin/gmake -f CMakeFiles/cmTC_15715.dir/build.make CMakeFiles/cmTC_15715.dir/build
gmake[1]: 进入目录“/data/d3/zhangjizhi/G4_IMP/geant4/build/CMakeFiles/CMakeTmp”
Building C object CMakeFiles/cmTC_15715.dir/feature_tests.c.o
/usr/bin/cc   -std=c99 -o CMakeFiles/cmTC_15715.dir/feature_tests.c.o   -c /home/zhangjizhi/data/G4_IMP/geant4/build/CMakeFiles/feature_tests.c
Linking C executable cmTC_15715
/usr/bin/cmake -E cmake_link_script CMakeFiles/cmTC_15715.dir/link.txt --verbose=1
/usr/bin/cc      -rdynamic CMakeFiles/cmTC_15715.dir/feature_tests.c.o  -o cmTC_15715 
gmake[1]: 离开目录“/data/d3/zhangjizhi/G4_IMP/geant4/build/CMakeFiles/CMakeTmp”


    Feature record: C_FEATURE:1c_function_prototypes
    Feature record: C_FEATURE:1c_restrict
    Feature record: C_FEATURE:0c_static_assert
    Feature record: C_FEATURE:1c_variadic_macros


Detecting C [-std=c90] compiler features compiled with the following output:
Change Dir: /home/zhangjizhi/data/G4_IMP/geant4/build/CMakeFiles/CMakeTmp

Run Build Command:"/usr/bin/gmake" "cmTC_ea13e/fast"
/usr/bin/gmake -f CMakeFiles/cmTC_ea13e.dir/build.make CMakeFiles/cmTC_ea13e.dir/build
gmake[1]: 进入目录“/data/d3/zhangjizhi/G4_IMP/geant4/build/CMakeFiles/CMakeTmp”
Building C object CMakeFiles/cmTC_ea13e.dir/feature_tests.c.o
/usr/bin/cc   -std=c90 -o CMakeFiles/cmTC_ea13e.dir/feature_tests.c.o   -c /home/zhangjizhi/data/G4_IMP/geant4/build/CMakeFiles/feature_tests.c
Linking C executable cmTC_ea13e
/usr/bin/cmake -E cmake_link_script CMakeFiles/cmTC_ea13e.dir/link.txt --verbose=1
/usr/bin/cc      -rdynamic CMakeFiles/cmTC_ea13e.dir/feature_tests.c.o  -o cmTC_ea13e 
gmake[1]: 离开目录“/data/d3/zhangjizhi/G4_IMP/geant4/build/CMakeFiles/CMakeTmp”


    Feature record: C_FEATURE:1c_function_prototypes
    Feature record: C_FEATURE:0c_restrict
    Feature record: C_FEATURE:0c_static_assert
    Feature record: C_FEATURE:0c_variadic_macros
Determining if the CXX compiler works passed with the following output:
Change Dir: /home/zhangjizhi/data/G4_IMP/geant4/build/CMakeFiles/CMakeTmp

Run Build Command:"/usr/bin/gmake" "cmTC_280c6/fast"
/usr/bin/gmake -f CMakeFiles/cmTC_280c6.dir/build.make CMakeFiles/cmTC_280c6.dir/build
gmake[1]: 进入目录“/data/d3/zhangjizhi/G4_IMP/geant4/build/CMakeFiles/CMakeTmp”
Building CXX object CMakeFiles/cmTC_280c6.dir/testCXXCompiler.cxx.o
/usr/bin/c++     -o CMakeFiles/cmTC_280c6.dir/testCXXCompiler.cxx.o -c /home/zhangjizhi/data/G4_IMP/geant4/build/CMakeFiles/CMakeTmp/testCXXCompiler.cxx
Linking CXX executable cmTC_280c6
/usr/bin/cmake -E cmake_link_script CMakeFiles/cmTC_280c6.dir/link.txt --verbose=1
/usr/bin/c++       -rdynamic CMakeFiles/cmTC_280c6.dir/testCXXCompiler.cxx.o  -o cmTC_280c6 
gmake[1]: 离开目录“/data/d3/zhangjizhi/G4_IMP/geant4/build/CMakeFiles/CMakeTmp”


Detecting CXX compiler ABI info compiled with the following output:
Change Dir: /home/zhangjizhi/data/G4_IMP/geant4/build/CMakeFiles/CMakeTmp

Run Build Command:"/usr/bin/gmake" "cmTC_55709/fast"
/usr/bin/gmake -f CMakeFiles/cmTC_55709.dir/build.make CMakeFiles/cmTC_55709.dir/build
gmake[1]: 进入目录“/data/d3/zhangjizhi/G4_IMP/geant4/build/CMakeFiles/CMakeTmp”
Building CXX object CMakeFiles/cmTC_55709.dir/CMakeCXXCompilerABI.cpp.o
/usr/bin/c++     -o CMakeFiles/cmTC_55709.dir/CMakeCXXCompilerABI.cpp.o -c /usr/share/cmake-3.10/Modules/CMakeCXXCompilerABI.cpp
Linking CXX executable cmTC_55709
/usr/bin/cmake -E cmake_link_script CMakeFiles/cmTC_55709.dir/link.txt --verbose=1
/usr/bin/c++      -v -rdynamic CMakeFiles/cmTC_55709.dir/CMakeCXXCompilerABI.cpp.o  -o cmTC_55709 
使用内建 specs。
COLLECT_GCC=/usr/bin/c++
COLLECT_LTO_WRAPPER=/usr/libexec/gcc/x86_64-unknown-linux-gnu/4.9.2/lto-wrapper
目标：x86_64-unknown-linux-gnu
配置为：./configure --prefix=/usr --mandir=/usr/share/man --infodir=/usr/share/info --enable-checking=release --enable-languages=c,c++,fortran --disable-multilib
线程模型：posix
gcc 版本 4.9.2 (GCC) 
COMPILER_PATH=/usr/libexec/gcc/x86_64-unknown-linux-gnu/4.9.2/:/usr/libexec/gcc/x86_64-unknown-linux-gnu/4.9.2/:/usr/libexec/gcc/x86_64-unknown-linux-gnu/:/usr/lib/gcc/x86_64-unknown-linux-gnu/4.9.2/:/usr/lib/gcc/x86_64-unknown-linux-gnu/
LIBRARY_PATH=/usr/lib/gcc/x86_64-unknown-linux-gnu/4.9.2/:/usr/lib/gcc/x86_64-unknown-linux-gnu/4.9.2/../../../../lib64/:/lib/../lib64/:/usr/lib/../lib64/:/usr/lib/gcc/x86_64-unknown-linux-gnu/4.9.2/../../../:/lib/:/usr/lib/
COLLECT_GCC_OPTIONS='-v' '-rdynamic' '-o' 'cmTC_55709' '-shared-libgcc' '-mtune=generic' '-march=x86-64'
 /usr/libexec/gcc/x86_64-unknown-linux-gnu/4.9.2/collect2 --eh-frame-hdr -m elf_x86_64 -export-dynamic -dynamic-linker /lib64/ld-linux-x86-64.so.2 -o cmTC_55709 /usr/lib/gcc/x86_64-unknown-linux-gnu/4.9.2/../../../../lib64/crt1.o /usr/lib/gcc/x86_64-unknown-linux-gnu/4.9.2/../../../../lib64/crti.o /usr/lib/gcc/x86_64-unknown-linux-gnu/4.9.2/crtbegin.o -L/usr/lib/gcc/x86_64-unknown-linux-gnu/4.9.2 -L/usr/lib/gcc/x86_64-unknown-linux-gnu/4.9.2/../../../../lib64 -L/lib/../lib64 -L/usr/lib/../lib64 -L/usr/lib/gcc/x86_64-unknown-linux-gnu/4.9.2/../../.. CMakeFiles/cmTC_55709.dir/CMakeCXXCompilerABI.cpp.o -lstdc++ -lm -lgcc_s -lgcc -lc -lgcc_s -lgcc /usr/lib/gcc/x86_64-unknown-linux-gnu/4.9.2/crtend.o /usr/lib/gcc/x86_64-unknown-linux-gnu/4.9.2/../../../../lib64/crtn.o
gmake[1]: 离开目录“/data/d3/zhangjizhi/G4_IMP/geant4/build/CMakeFiles/CMakeTmp”


Parsed CXX implicit link information from above output:
  link line regex: [^( *|.*[/\])(ld|CMAKE_LINK_STARTFILE-NOTFOUND|([^/\]+-)?ld|collect2)[^/\]*( |$)]
  ignore line: [Change Dir: /home/zhangjizhi/data/G4_IMP/geant4/build/CMakeFiles/CMakeTmp]
  ignore line: []
  ignore line: [Run Build Command:"/usr/bin/gmake" "cmTC_55709/fast"]
  ignore line: [/usr/bin/gmake -f CMakeFiles/cmTC_55709.dir/build.make CMakeFiles/cmTC_55709.dir/build]
  ignore line: [gmake[1]: 进入目录“/data/d3/zhangjizhi/G4_IMP/geant4/build/CMakeFiles/CMakeTmp”]
  ignore line: [Building CXX object CMakeFiles/cmTC_55709.dir/CMakeCXXCompilerABI.cpp.o]
  ignore line: [/usr/bin/c++     -o CMakeFiles/cmTC_55709.dir/CMakeCXXCompilerABI.cpp.o -c /usr/share/cmake-3.10/Modules/CMakeCXXCompilerABI.cpp]
  ignore line: [Linking CXX executable cmTC_55709]
  ignore line: [/usr/bin/cmake -E cmake_link_script CMakeFiles/cmTC_55709.dir/link.txt --verbose=1]
  ignore line: [/usr/bin/c++      -v -rdynamic CMakeFiles/cmTC_55709.dir/CMakeCXXCompilerABI.cpp.o  -o cmTC_55709 ]
  ignore line: [使用内建 specs。]
  ignore line: [COLLECT_GCC=/usr/bin/c++]
  ignore line: [COLLECT_LTO_WRAPPER=/usr/libexec/gcc/x86_64-unknown-linux-gnu/4.9.2/lto-wrapper]
  ignore line: [目标：x86_64-unknown-linux-gnu]
  ignore line: [配置为：./configure --prefix=/usr --mandir=/usr/share/man --infodir=/usr/share/info --enable-checking=release --enable-languages=c,c++,fortran --disable-multilib]
  ignore line: [线程模型：posix]
  ignore line: [gcc 版本 4.9.2 (GCC) ]
  ignore line: [COMPILER_PATH=/usr/libexec/gcc/x86_64-unknown-linux-gnu/4.9.2/:/usr/libexec/gcc/x86_64-unknown-linux-gnu/4.9.2/:/usr/libexec/gcc/x86_64-unknown-linux-gnu/:/usr/lib/gcc/x86_64-unknown-linux-gnu/4.9.2/:/usr/lib/gcc/x86_64-unknown-linux-gnu/]
  ignore line: [LIBRARY_PATH=/usr/lib/gcc/x86_64-unknown-linux-gnu/4.9.2/:/usr/lib/gcc/x86_64-unknown-linux-gnu/4.9.2/../../../../lib64/:/lib/../lib64/:/usr/lib/../lib64/:/usr/lib/gcc/x86_64-unknown-linux-gnu/4.9.2/../../../:/lib/:/usr/lib/]
  ignore line: [COLLECT_GCC_OPTIONS='-v' '-rdynamic' '-o' 'cmTC_55709' '-shared-libgcc' '-mtune=generic' '-march=x86-64']
  link line: [ /usr/libexec/gcc/x86_64-unknown-linux-gnu/4.9.2/collect2 --eh-frame-hdr -m elf_x86_64 -export-dynamic -dynamic-linker /lib64/ld-linux-x86-64.so.2 -o cmTC_55709 /usr/lib/gcc/x86_64-unknown-linux-gnu/4.9.2/../../../../lib64/crt1.o /usr/lib/gcc/x86_64-unknown-linux-gnu/4.9.2/../../../../lib64/crti.o /usr/lib/gcc/x86_64-unknown-linux-gnu/4.9.2/crtbegin.o -L/usr/lib/gcc/x86_64-unknown-linux-gnu/4.9.2 -L/usr/lib/gcc/x86_64-unknown-linux-gnu/4.9.2/../../../../lib64 -L/lib/../lib64 -L/usr/lib/../lib64 -L/usr/lib/gcc/x86_64-unknown-linux-gnu/4.9.2/../../.. CMakeFiles/cmTC_55709.dir/CMakeCXXCompilerABI.cpp.o -lstdc++ -lm -lgcc_s -lgcc -lc -lgcc_s -lgcc /usr/lib/gcc/x86_64-unknown-linux-gnu/4.9.2/crtend.o /usr/lib/gcc/x86_64-unknown-linux-gnu/4.9.2/../../../../lib64/crtn.o]
    arg [/usr/libexec/gcc/x86_64-unknown-linux-gnu/4.9.2/collect2] ==> ignore
    arg [--eh-frame-hdr] ==> ignore
    arg [-m] ==> ignore
    arg [elf_x86_64] ==> ignore
    arg [-export-dynamic] ==> ignore
    arg [-dynamic-linker] ==> ignore
    arg [/lib64/ld-linux-x86-64.so.2] ==> ignore
    arg [-o] ==> ignore
    arg [cmTC_55709] ==> ignore
    arg [/usr/lib/gcc/x86_64-unknown-linux-gnu/4.9.2/../../../../lib64/crt1.o] ==> ignore
    arg [/usr/lib/gcc/x86_64-unknown-linux-gnu/4.9.2/../../../../lib64/crti.o] ==> ignore
    arg [/usr/lib/gcc/x86_64-unknown-linux-gnu/4.9.2/crtbegin.o] ==> ignore
    arg [-L/usr/lib/gcc/x86_64-unknown-linux-gnu/4.9.2] ==> dir [/usr/lib/gcc/x86_64-unknown-linux-gnu/4.9.2]
    arg [-L/usr/lib/gcc/x86_64-unknown-linux-gnu/4.9.2/../../../../lib64] ==> dir [/usr/lib/gcc/x86_64-unknown-linux-gnu/4.9.2/../../../../lib64]
    arg [-L/lib/../lib64] ==> dir [/lib/../lib64]
    arg [-L/usr/lib/../lib64] ==> dir [/usr/lib/../lib64]
    arg [-L/usr/lib/gcc/x86_64-unknown-linux-gnu/4.9.2/../../..] ==> dir [/usr/lib/gcc/x86_64-unknown-linux-gnu/4.9.2/../../..]
    arg [CMakeFiles/cmTC_55709.dir/CMakeCXXCompilerABI.cpp.o] ==> ignore
    arg [-lstdc++] ==> lib [stdc++]
    arg [-lm] ==> lib [m]
    arg [-lgcc_s] ==> lib [gcc_s]
    arg [-lgcc] ==> lib [gcc]
    arg [-lc] ==> lib [c]
    arg [-lgcc_s] ==> lib [gcc_s]
    arg [-lgcc] ==> lib [gcc]
    arg [/usr/lib/gcc/x86_64-unknown-linux-gnu/4.9.2/crtend.o] ==> ignore
    arg [/usr/lib/gcc/x86_64-unknown-linux-gnu/4.9.2/../../../../lib64/crtn.o] ==> ignore
  collapse library dir [/usr/lib/gcc/x86_64-unknown-linux-gnu/4.9.2] ==> [/usr/lib/gcc/x86_64-unknown-linux-gnu/4.9.2]
  collapse library dir [/usr/lib/gcc/x86_64-unknown-linux-gnu/4.9.2/../../../../lib64] ==> [/usr/lib64]
  collapse library dir [/lib/../lib64] ==> [/lib64]
  collapse library dir [/usr/lib/../lib64] ==> [/usr/lib64]
  collapse library dir [/usr/lib/gcc/x86_64-unknown-linux-gnu/4.9.2/../../..] ==> [/usr/lib]
  implicit libs: [stdc++;m;gcc_s;gcc;c;gcc_s;gcc]
  implicit dirs: [/usr/lib/gcc/x86_64-unknown-linux-gnu/4.9.2;/usr/lib64;/lib64;/usr/lib]
  implicit fwks: []




Detecting CXX [-std=c++14] compiler features compiled with the following output:
Change Dir: /home/zhangjizhi/data/G4_IMP/geant4/build/CMakeFiles/CMakeTmp

Run Build Command:"/usr/bin/gmake" "cmTC_b96ee/fast"
/usr/bin/gmake -f CMakeFiles/cmTC_b96ee.dir/build.make CMakeFiles/cmTC_b96ee.dir/build
gmake[1]: 进入目录“/data/d3/zhangjizhi/G4_IMP/geant4/build/CMakeFiles/CMakeTmp”
Building CXX object CMakeFiles/cmTC_b96ee.dir/feature_tests.cxx.o
/usr/bin/c++    -std=c++14 -o CMakeFiles/cmTC_b96ee.dir/feature_tests.cxx.o -c /home/zhangjizhi/data/G4_IMP/geant4/build/CMakeFiles/feature_tests.cxx
Linking CXX executable cmTC_b96ee
/usr/bin/cmake -E cmake_link_script CMakeFiles/cmTC_b96ee.dir/link.txt --verbose=1
/usr/bin/c++       -rdynamic CMakeFiles/cmTC_b96ee.dir/feature_tests.cxx.o  -o cmTC_b96ee 
gmake[1]: 离开目录“/data/d3/zhangjizhi/G4_IMP/geant4/build/CMakeFiles/CMakeTmp”


    Feature record: CXX_FEATURE:0cxx_aggregate_default_initializers
    Feature record: CXX_FEATURE:1cxx_alias_templates
    Feature record: CXX_FEATURE:1cxx_alignas
    Feature record: CXX_FEATURE:1cxx_alignof
    Feature record: CXX_FEATURE:1cxx_attributes
    Feature record: CXX_FEATURE:1cxx_attribute_deprecated
    Feature record: CXX_FEATURE:1cxx_auto_type
    Feature record: CXX_FEATURE:1cxx_binary_literals
    Feature record: CXX_FEATURE:1cxx_constexpr
    Feature record: CXX_FEATURE:1cxx_contextual_conversions
    Feature record: CXX_FEATURE:1cxx_decltype
    Feature record: CXX_FEATURE:1cxx_decltype_auto
    Feature record: CXX_FEATURE:1cxx_decltype_incomplete_return_types
    Feature record: CXX_FEATURE:1cxx_default_function_template_args
    Feature record: CXX_FEATURE:1cxx_defaulted_functions
    Feature record: CXX_FEATURE:1cxx_defaulted_move_initializers
    Feature record: CXX_FEATURE:1cxx_delegating_constructors
    Feature record: CXX_FEATURE:1cxx_deleted_functions
    Feature record: CXX_FEATURE:1cxx_digit_separators
    Feature record: CXX_FEATURE:1cxx_enum_forward_declarations
    Feature record: CXX_FEATURE:1cxx_explicit_conversions
    Feature record: CXX_FEATURE:1cxx_extended_friend_declarations
    Feature record: CXX_FEATURE:1cxx_extern_templates
    Feature record: CXX_FEATURE:1cxx_final
    Feature record: CXX_FEATURE:1cxx_func_identifier
    Feature record: CXX_FEATURE:1cxx_generalized_initializers
    Feature record: CXX_FEATURE:1cxx_generic_lambdas
    Feature record: CXX_FEATURE:1cxx_inheriting_constructors
    Feature record: CXX_FEATURE:1cxx_inline_namespaces
    Feature record: CXX_FEATURE:1cxx_lambdas
    Feature record: CXX_FEATURE:1cxx_lambda_init_captures
    Feature record: CXX_FEATURE:1cxx_local_type_template_args
    Feature record: CXX_FEATURE:1cxx_long_long_type
    Feature record: CXX_FEATURE:1cxx_noexcept
    Feature record: CXX_FEATURE:1cxx_nonstatic_member_init
    Feature record: CXX_FEATURE:1cxx_nullptr
    Feature record: CXX_FEATURE:1cxx_override
    Feature record: CXX_FEATURE:1cxx_range_for
    Feature record: CXX_FEATURE:1cxx_raw_string_literals
    Feature record: CXX_FEATURE:1cxx_reference_qualified_functions
    Feature record: CXX_FEATURE:0cxx_relaxed_constexpr
    Feature record: CXX_FEATURE:1cxx_return_type_deduction
    Feature record: CXX_FEATURE:1cxx_right_angle_brackets
    Feature record: CXX_FEATURE:1cxx_rvalue_references
    Feature record: CXX_FEATURE:1cxx_sizeof_member
    Feature record: CXX_FEATURE:1cxx_static_assert
    Feature record: CXX_FEATURE:1cxx_strong_enums
    Feature record: CXX_FEATURE:1cxx_template_template_parameters
    Feature record: CXX_FEATURE:1cxx_thread_local
    Feature record: CXX_FEATURE:1cxx_trailing_return_types
    Feature record: CXX_FEATURE:1cxx_unicode_literals
    Feature record: CXX_FEATURE:1cxx_uniform_initialization
    Feature record: CXX_FEATURE:1cxx_unrestricted_unions
    Feature record: CXX_FEATURE:1cxx_user_literals
    Feature record: CXX_FEATURE:0cxx_variable_templates
    Feature record: CXX_FEATURE:1cxx_variadic_macros
    Feature record: CXX_FEATURE:1cxx_variadic_templates


Detecting CXX [-std=c++11] compiler features compiled with the following output:
Change Dir: /home/zhangjizhi/data/G4_IMP/geant4/build/CMakeFiles/CMakeTmp

Run Build Command:"/usr/bin/gmake" "cmTC_99c2e/fast"
/usr/bin/gmake -f CMakeFiles/cmTC_99c2e.dir/build.make CMakeFiles/cmTC_99c2e.dir/build
gmake[1]: 进入目录“/data/d3/zhangjizhi/G4_IMP/geant4/build/CMakeFiles/CMakeTmp”
Building CXX object CMakeFiles/cmTC_99c2e.dir/feature_tests.cxx.o
/usr/bin/c++    -std=c++11 -o CMakeFiles/cmTC_99c2e.dir/feature_tests.cxx.o -c /home/zhangjizhi/data/G4_IMP/geant4/build/CMakeFiles/feature_tests.cxx
Linking CXX executable cmTC_99c2e
/usr/bin/cmake -E cmake_link_script CMakeFiles/cmTC_99c2e.dir/link.txt --verbose=1
/usr/bin/c++       -rdynamic CMakeFiles/cmTC_99c2e.dir/feature_tests.cxx.o  -o cmTC_99c2e 
gmake[1]: 离开目录“/data/d3/zhangjizhi/G4_IMP/geant4/build/CMakeFiles/CMakeTmp”


    Feature record: CXX_FEATURE:0cxx_aggregate_default_initializers
    Feature record: CXX_FEATURE:1cxx_alias_templates
    Feature record: CXX_FEATURE:1cxx_alignas
    Feature record: CXX_FEATURE:1cxx_alignof
    Feature record: CXX_FEATURE:1cxx_attributes
    Feature record: CXX_FEATURE:0cxx_attribute_deprecated
    Feature record: CXX_FEATURE:1cxx_auto_type
    Feature record: CXX_FEATURE:0cxx_binary_literals
    Feature record: CXX_FEATURE:1cxx_constexpr
    Feature record: CXX_FEATURE:0cxx_contextual_conversions
    Feature record: CXX_FEATURE:1cxx_decltype
    Feature record: CXX_FEATURE:0cxx_decltype_auto
    Feature record: CXX_FEATURE:1cxx_decltype_incomplete_return_types
    Feature record: CXX_FEATURE:1cxx_default_function_template_args
    Feature record: CXX_FEATURE:1cxx_defaulted_functions
    Feature record: CXX_FEATURE:1cxx_defaulted_move_initializers
    Feature record: CXX_FEATURE:1cxx_delegating_constructors
    Feature record: CXX_FEATURE:1cxx_deleted_functions
    Feature record: CXX_FEATURE:0cxx_digit_separators
    Feature record: CXX_FEATURE:1cxx_enum_forward_declarations
    Feature record: CXX_FEATURE:1cxx_explicit_conversions
    Feature record: CXX_FEATURE:1cxx_extended_friend_declarations
    Feature record: CXX_FEATURE:1cxx_extern_templates
    Feature record: CXX_FEATURE:1cxx_final
    Feature record: CXX_FEATURE:1cxx_func_identifier
    Feature record: CXX_FEATURE:1cxx_generalized_initializers
    Feature record: CXX_FEATURE:0cxx_generic_lambdas
    Feature record: CXX_FEATURE:1cxx_inheriting_constructors
    Feature record: CXX_FEATURE:1cxx_inline_namespaces
    Feature record: CXX_FEATURE:1cxx_lambdas
    Feature record: CXX_FEATURE:0cxx_lambda_init_captures
    Feature record: CXX_FEATURE:1cxx_local_type_template_args
    Feature record: CXX_FEATURE:1cxx_long_long_type
    Feature record: CXX_FEATURE:1cxx_noexcept
    Feature record: CXX_FEATURE:1cxx_nonstatic_member_init
    Feature record: CXX_FEATURE:1cxx_nullptr
    Feature record: CXX_FEATURE:1cxx_override
    Feature record: CXX_FEATURE:1cxx_range_for
    Feature record: CXX_FEATURE:1cxx_raw_string_literals
    Feature record: CXX_FEATURE:1cxx_reference_qualified_functions
    Feature record: CXX_FEATURE:0cxx_relaxed_constexpr
    Feature record: CXX_FEATURE:0cxx_return_type_deduction
    Feature record: CXX_FEATURE:1cxx_right_angle_brackets
    Feature record: CXX_FEATURE:1cxx_rvalue_references
    Feature record: CXX_FEATURE:1cxx_sizeof_member
    Feature record: CXX_FEATURE:1cxx_static_assert
    Feature record: CXX_FEATURE:1cxx_strong_enums
    Feature record: CXX_FEATURE:1cxx_template_template_parameters
    Feature record: CXX_FEATURE:1cxx_thread_local
    Feature record: CXX_FEATURE:1cxx_trailing_return_types
    Feature record: CXX_FEATURE:1cxx_unicode_literals
    Feature record: CXX_FEATURE:1cxx_uniform_initialization
    Feature record: CXX_FEATURE:1cxx_unrestricted_unions
    Feature record: CXX_FEATURE:1cxx_user_literals
    Feature record: CXX_FEATURE:0cxx_variable_templates
    Feature record: CXX_FEATURE:1cxx_variadic_macros
    Feature record: CXX_FEATURE:1cxx_variadic_templates


Detecting CXX [-std=c++98] compiler features compiled with the following output:
Change Dir: /home/zhangjizhi/data/G4_IMP/geant4/build/CMakeFiles/CMakeTmp

Run Build Command:"/usr/bin/gmake" "cmTC_44e54/fast"
/usr/bin/gmake -f CMakeFiles/cmTC_44e54.dir/build.make CMakeFiles/cmTC_44e54.dir/build
gmake[1]: 进入目录“/data/d3/zhangjizhi/G4_IMP/geant4/build/CMakeFiles/CMakeTmp”
Building CXX object CMakeFiles/cmTC_44e54.dir/feature_tests.cxx.o
/usr/bin/c++    -std=c++98 -o CMakeFiles/cmTC_44e54.dir/feature_tests.cxx.o -c /home/zhangjizhi/data/G4_IMP/geant4/build/CMakeFiles/feature_tests.cxx
Linking CXX executable cmTC_44e54
/usr/bin/cmake -E cmake_link_script CMakeFiles/cmTC_44e54.dir/link.txt --verbose=1
/usr/bin/c++       -rdynamic CMakeFiles/cmTC_44e54.dir/feature_tests.cxx.o  -o cmTC_44e54 
gmake[1]: 离开目录“/data/d3/zhangjizhi/G4_IMP/geant4/build/CMakeFiles/CMakeTmp”


    Feature record: CXX_FEATURE:0cxx_aggregate_default_initializers
    Feature record: CXX_FEATURE:0cxx_alias_templates
    Feature record: CXX_FEATURE:0cxx_alignas
    Feature record: CXX_FEATURE:0cxx_alignof
    Feature record: CXX_FEATURE:0cxx_attributes
    Feature record: CXX_FEATURE:0cxx_attribute_deprecated
    Feature record: CXX_FEATURE:0cxx_auto_type
    Feature record: CXX_FEATURE:0cxx_binary_literals
    Feature record: CXX_FEATURE:0cxx_constexpr
    Feature record: CXX_FEATURE:0cxx_contextual_conversions
    Feature record: CXX_FEATURE:0cxx_decltype
    Feature record: CXX_FEATURE:0cxx_decltype_auto
    Feature record: CXX_FEATURE:0cxx_decltype_incomplete_return_types
    Feature record: CXX_FEATURE:0cxx_default_function_template_args
    Feature record: CXX_FEATURE:0cxx_defaulted_functions
    Feature record: CXX_FEATURE:0cxx_defaulted_move_initializers
    Feature record: CXX_FEATURE:0cxx_delegating_constructors
    Feature record: CXX_FEATURE:0cxx_deleted_functions
    Feature record: CXX_FEATURE:0cxx_digit_separators
    Feature record: CXX_FEATURE:0cxx_enum_forward_declarations
    Feature record: CXX_FEATURE:0cxx_explicit_conversions
    Feature record: CXX_FEATURE:0cxx_extended_friend_declarations
    Feature record: CXX_FEATURE:0cxx_extern_templates
    Feature record: CXX_FEATURE:0cxx_final
    Feature record: CXX_FEATURE:0cxx_func_identifier
    Feature record: CXX_FEATURE:0cxx_generalized_initializers
    Feature record: CXX_FEATURE:0cxx_generic_lambdas
    Feature record: CXX_FEATURE:0cxx_inheriting_constructors
    Feature record: CXX_FEATURE:0cxx_inline_namespaces
    Feature record: CXX_FEATURE:0cxx_lambdas
    Feature record: CXX_FEATURE:0cxx_lambda_init_captures
    Feature record: CXX_FEATURE:0cxx_local_type_template_args
    Feature record: CXX_FEATURE:0cxx_long_long_type
    Feature record: CXX_FEATURE:0cxx_noexcept
    Feature record: CXX_FEATURE:0cxx_nonstatic_member_init
    Feature record: CXX_FEATURE:0cxx_nullptr
    Feature record: CXX_FEATURE:0cxx_override
    Feature record: CXX_FEATURE:0cxx_range_for
    Feature record: CXX_FEATURE:0cxx_raw_string_literals
    Feature record: CXX_FEATURE:0cxx_reference_qualified_functions
    Feature record: CXX_FEATURE:0cxx_relaxed_constexpr
    Feature record: CXX_FEATURE:0cxx_return_type_deduction
    Feature record: CXX_FEATURE:0cxx_right_angle_brackets
    Feature record: CXX_FEATURE:0cxx_rvalue_references
    Feature record: CXX_FEATURE:0cxx_sizeof_member
    Feature record: CXX_FEATURE:0cxx_static_assert
    Feature record: CXX_FEATURE:0cxx_strong_enums
    Feature record: CXX_FEATURE:1cxx_template_template_parameters
    Feature record: CXX_FEATURE:0cxx_thread_local
    Feature record: CXX_FEATURE:0cxx_trailing_return_types
    Feature record: CXX_FEATURE:0cxx_unicode_literals
    Feature record: CXX_FEATURE:0cxx_uniform_initialization
    Feature record: CXX_FEATURE:0cxx_unrestricted_unions
    Feature record: CXX_FEATURE:0cxx_user_literals
    Feature record: CXX_FEATURE:0cxx_variable_templates
    Feature record: CXX_FEATURE:0cxx_variadic_macros
    Feature record: CXX_FEATURE:0cxx_variadic_templates
Determining if the Fortran compiler works passed with the following output:
Change Dir: /home/zhangjizhi/data/G4_IMP/geant4/build/CMakeFiles/CMakeTmp

Run Build Command:"/usr/bin/gmake" "cmTC_71e03/fast"
/usr/bin/gmake -f CMakeFiles/cmTC_71e03.dir/build.make CMakeFiles/cmTC_71e03.dir/build
gmake[1]: 进入目录“/data/d3/zhangjizhi/G4_IMP/geant4/build/CMakeFiles/CMakeTmp”
Building Fortran object CMakeFiles/cmTC_71e03.dir/testFortranCompiler.f.o
/usr/bin/gfortran    -c /home/zhangjizhi/data/G4_IMP/geant4/build/CMakeFiles/CMakeTmp/testFortranCompiler.f -o CMakeFiles/cmTC_71e03.dir/testFortranCompiler.f.o
Linking Fortran executable cmTC_71e03
/usr/bin/cmake -E cmake_link_script CMakeFiles/cmTC_71e03.dir/link.txt --verbose=1
/usr/bin/gfortran      CMakeFiles/cmTC_71e03.dir/testFortranCompiler.f.o  -o cmTC_71e03 
gmake[1]: 离开目录“/data/d3/zhangjizhi/G4_IMP/geant4/build/CMakeFiles/CMakeTmp”


Detecting Fortran compiler ABI info compiled with the following output:
Change Dir: /home/zhangjizhi/data/G4_IMP/geant4/build/CMakeFiles/CMakeTmp

Run Build Command:"/usr/bin/gmake" "cmTC_8139b/fast"
/usr/bin/gmake -f CMakeFiles/cmTC_8139b.dir/build.make CMakeFiles/cmTC_8139b.dir/build
gmake[1]: 进入目录“/data/d3/zhangjizhi/G4_IMP/geant4/build/CMakeFiles/CMakeTmp”
Building Fortran object CMakeFiles/cmTC_8139b.dir/CMakeFortranCompilerABI.F.o
/usr/bin/gfortran    -c /usr/share/cmake-3.10/Modules/CMakeFortranCompilerABI.F -o CMakeFiles/cmTC_8139b.dir/CMakeFortranCompilerABI.F.o
Linking Fortran executable cmTC_8139b
/usr/bin/cmake -E cmake_link_script CMakeFiles/cmTC_8139b.dir/link.txt --verbose=1
/usr/bin/gfortran   -v   CMakeFiles/cmTC_8139b.dir/CMakeFortranCompilerABI.F.o  -o cmTC_8139b 
驱动： /usr/bin/gfortran -v CMakeFiles/cmTC_8139b.dir/CMakeFortranCompilerABI.F.o -o cmTC_8139b -l gfortran -l m -shared-libgcc
使用内建 specs。
COLLECT_GCC=/usr/bin/gfortran
COLLECT_LTO_WRAPPER=/usr/libexec/gcc/x86_64-unknown-linux-gnu/4.9.2/lto-wrapper
目标：x86_64-unknown-linux-gnu
配置为：./configure --prefix=/usr --mandir=/usr/share/man --infodir=/usr/share/info --enable-checking=release --enable-languages=c,c++,fortran --disable-multilib
线程模型：posix
gcc 版本 4.9.2 (GCC) 
从 /usr/lib/gcc/x86_64-unknown-linux-gnu/4.9.2/../../../../lib64/libgfortran.spec 读取 specs
将 spec lib 重命名为 liborig
COLLECT_GCC_OPTIONS='-v' '-o' 'cmTC_8139b' '-shared-libgcc' '-mtune=generic' '-march=x86-64'
COMPILER_PATH=/usr/libexec/gcc/x86_64-unknown-linux-gnu/4.9.2/:/usr/libexec/gcc/x86_64-unknown-linux-gnu/4.9.2/:/usr/libexec/gcc/x86_64-unknown-linux-gnu/:/usr/lib/gcc/x86_64-unknown-linux-gnu/4.9.2/:/usr/lib/gcc/x86_64-unknown-linux-gnu/
LIBRARY_PATH=/usr/lib/gcc/x86_64-unknown-linux-gnu/4.9.2/:/usr/lib/gcc/x86_64-unknown-linux-gnu/4.9.2/../../../../lib64/:/lib/../lib64/:/usr/lib/../lib64/:/usr/lib/gcc/x86_64-unknown-linux-gnu/4.9.2/../../../:/lib/:/usr/lib/
COLLECT_GCC_OPTIONS='-v' '-o' 'cmTC_8139b' '-shared-libgcc' '-mtune=generic' '-march=x86-64'
 /usr/libexec/gcc/x86_64-unknown-linux-gnu/4.9.2/collect2 --eh-frame-hdr -m elf_x86_64 -dynamic-linker /lib64/ld-linux-x86-64.so.2 -o cmTC_8139b /usr/lib/gcc/x86_64-unknown-linux-gnu/4.9.2/../../../../lib64/crt1.o /usr/lib/gcc/x86_64-unknown-linux-gnu/4.9.2/../../../../lib64/crti.o /usr/lib/gcc/x86_64-unknown-linux-gnu/4.9.2/crtbegin.o -L/usr/lib/gcc/x86_64-unknown-linux-gnu/4.9.2 -L/usr/lib/gcc/x86_64-unknown-linux-gnu/4.9.2/../../../../lib64 -L/lib/../lib64 -L/usr/lib/../lib64 -L/usr/lib/gcc/x86_64-unknown-linux-gnu/4.9.2/../../.. CMakeFiles/cmTC_8139b.dir/CMakeFortranCompilerABI.F.o -lgfortran -lm -lgcc_s -lgcc -lquadmath -lm -lgcc_s -lgcc -lc -lgcc_s -lgcc /usr/lib/gcc/x86_64-unknown-linux-gnu/4.9.2/crtend.o /usr/lib/gcc/x86_64-unknown-linux-gnu/4.9.2/../../../../lib64/crtn.o
gmake[1]: 离开目录“/data/d3/zhangjizhi/G4_IMP/geant4/build/CMakeFiles/CMakeTmp”


Parsed Fortran implicit link information from above output:
  link line regex: [^( *|.*[/\])(ld|CMAKE_LINK_STARTFILE-NOTFOUND|([^/\]+-)?ld|collect2)[^/\]*( |$)]
  ignore line: [Change Dir: /home/zhangjizhi/data/G4_IMP/geant4/build/CMakeFiles/CMakeTmp]
  ignore line: []
  ignore line: [Run Build Command:"/usr/bin/gmake" "cmTC_8139b/fast"]
  ignore line: [/usr/bin/gmake -f CMakeFiles/cmTC_8139b.dir/build.make CMakeFiles/cmTC_8139b.dir/build]
  ignore line: [gmake[1]: 进入目录“/data/d3/zhangjizhi/G4_IMP/geant4/build/CMakeFiles/CMakeTmp”]
  ignore line: [Building Fortran object CMakeFiles/cmTC_8139b.dir/CMakeFortranCompilerABI.F.o]
  ignore line: [/usr/bin/gfortran    -c /usr/share/cmake-3.10/Modules/CMakeFortranCompilerABI.F -o CMakeFiles/cmTC_8139b.dir/CMakeFortranCompilerABI.F.o]
  ignore line: [Linking Fortran executable cmTC_8139b]
  ignore line: [/usr/bin/cmake -E cmake_link_script CMakeFiles/cmTC_8139b.dir/link.txt --verbose=1]
  ignore line: [/usr/bin/gfortran   -v   CMakeFiles/cmTC_8139b.dir/CMakeFortranCompilerABI.F.o  -o cmTC_8139b ]
  ignore line: [驱动： /usr/bin/gfortran -v CMakeFiles/cmTC_8139b.dir/CMakeFortranCompilerABI.F.o -o cmTC_8139b -l gfortran -l m -shared-libgcc]
  ignore line: [使用内建 specs。]
  ignore line: [COLLECT_GCC=/usr/bin/gfortran]
  ignore line: [COLLECT_LTO_WRAPPER=/usr/libexec/gcc/x86_64-unknown-linux-gnu/4.9.2/lto-wrapper]
  ignore line: [目标：x86_64-unknown-linux-gnu]
  ignore line: [配置为：./configure --prefix=/usr --mandir=/usr/share/man --infodir=/usr/share/info --enable-checking=release --enable-languages=c,c++,fortran --disable-multilib]
  ignore line: [线程模型：posix]
  ignore line: [gcc 版本 4.9.2 (GCC) ]
  ignore line: [从 /usr/lib/gcc/x86_64-unknown-linux-gnu/4.9.2/../../../../lib64/libgfortran.spec 读取 specs]
  ignore line: [将 spec lib 重命名为 liborig]
  ignore line: [COLLECT_GCC_OPTIONS='-v' '-o' 'cmTC_8139b' '-shared-libgcc' '-mtune=generic' '-march=x86-64']
  ignore line: [COMPILER_PATH=/usr/libexec/gcc/x86_64-unknown-linux-gnu/4.9.2/:/usr/libexec/gcc/x86_64-unknown-linux-gnu/4.9.2/:/usr/libexec/gcc/x86_64-unknown-linux-gnu/:/usr/lib/gcc/x86_64-unknown-linux-gnu/4.9.2/:/usr/lib/gcc/x86_64-unknown-linux-gnu/]
  ignore line: [LIBRARY_PATH=/usr/lib/gcc/x86_64-unknown-linux-gnu/4.9.2/:/usr/lib/gcc/x86_64-unknown-linux-gnu/4.9.2/../../../../lib64/:/lib/../lib64/:/usr/lib/../lib64/:/usr/lib/gcc/x86_64-unknown-linux-gnu/4.9.2/../../../:/lib/:/usr/lib/]
  ignore line: [COLLECT_GCC_OPTIONS='-v' '-o' 'cmTC_8139b' '-shared-libgcc' '-mtune=generic' '-march=x86-64']
  link line: [ /usr/libexec/gcc/x86_64-unknown-linux-gnu/4.9.2/collect2 --eh-frame-hdr -m elf_x86_64 -dynamic-linker /lib64/ld-linux-x86-64.so.2 -o cmTC_8139b /usr/lib/gcc/x86_64-unknown-linux-gnu/4.9.2/../../../../lib64/crt1.o /usr/lib/gcc/x86_64-unknown-linux-gnu/4.9.2/../../../../lib64/crti.o /usr/lib/gcc/x86_64-unknown-linux-gnu/4.9.2/crtbegin.o -L/usr/lib/gcc/x86_64-unknown-linux-gnu/4.9.2 -L/usr/lib/gcc/x86_64-unknown-linux-gnu/4.9.2/../../../../lib64 -L/lib/../lib64 -L/usr/lib/../lib64 -L/usr/lib/gcc/x86_64-unknown-linux-gnu/4.9.2/../../.. CMakeFiles/cmTC_8139b.dir/CMakeFortranCompilerABI.F.o -lgfortran -lm -lgcc_s -lgcc -lquadmath -lm -lgcc_s -lgcc -lc -lgcc_s -lgcc /usr/lib/gcc/x86_64-unknown-linux-gnu/4.9.2/crtend.o /usr/lib/gcc/x86_64-unknown-linux-gnu/4.9.2/../../../../lib64/crtn.o]
    arg [/usr/libexec/gcc/x86_64-unknown-linux-gnu/4.9.2/collect2] ==> ignore
    arg [--eh-frame-hdr] ==> ignore
    arg [-m] ==> ignore
    arg [elf_x86_64] ==> ignore
    arg [-dynamic-linker] ==> ignore
    arg [/lib64/ld-linux-x86-64.so.2] ==> ignore
    arg [-o] ==> ignore
    arg [cmTC_8139b] ==> ignore
    arg [/usr/lib/gcc/x86_64-unknown-linux-gnu/4.9.2/../../../../lib64/crt1.o] ==> ignore
    arg [/usr/lib/gcc/x86_64-unknown-linux-gnu/4.9.2/../../../../lib64/crti.o] ==> ignore
    arg [/usr/lib/gcc/x86_64-unknown-linux-gnu/4.9.2/crtbegin.o] ==> ignore
    arg [-L/usr/lib/gcc/x86_64-unknown-linux-gnu/4.9.2] ==> dir [/usr/lib/gcc/x86_64-unknown-linux-gnu/4.9.2]
    arg [-L/usr/lib/gcc/x86_64-unknown-linux-gnu/4.9.2/../../../../lib64] ==> dir [/usr/lib/gcc/x86_64-unknown-linux-gnu/4.9.2/../../../../lib64]
    arg [-L/lib/../lib64] ==> dir [/lib/../lib64]
    arg [-L/usr/lib/../lib64] ==> dir [/usr/lib/../lib64]
    arg [-L/usr/lib/gcc/x86_64-unknown-linux-gnu/4.9.2/../../..] ==> dir [/usr/lib/gcc/x86_64-unknown-linux-gnu/4.9.2/../../..]
    arg [CMakeFiles/cmTC_8139b.dir/CMakeFortranCompilerABI.F.o] ==> ignore
    arg [-lgfortran] ==> lib [gfortran]
    arg [-lm] ==> lib [m]
    arg [-lgcc_s] ==> lib [gcc_s]
    arg [-lgcc] ==> lib [gcc]
    arg [-lquadmath] ==> lib [quadmath]
    arg [-lm] ==> lib [m]
    arg [-lgcc_s] ==> lib [gcc_s]
    arg [-lgcc] ==> lib [gcc]
    arg [-lc] ==> lib [c]
    arg [-lgcc_s] ==> lib [gcc_s]
    arg [-lgcc] ==> lib [gcc]
    arg [/usr/lib/gcc/x86_64-unknown-linux-gnu/4.9.2/crtend.o] ==> ignore
    arg [/usr/lib/gcc/x86_64-unknown-linux-gnu/4.9.2/../../../../lib64/crtn.o] ==> ignore
  collapse library dir [/usr/lib/gcc/x86_64-unknown-linux-gnu/4.9.2] ==> [/usr/lib/gcc/x86_64-unknown-linux-gnu/4.9.2]
  collapse library dir [/usr/lib/gcc/x86_64-unknown-linux-gnu/4.9.2/../../../../lib64] ==> [/usr/lib64]
  collapse library dir [/lib/../lib64] ==> [/lib64]
  collapse library dir [/usr/lib/../lib64] ==> [/usr/lib64]
  collapse library dir [/usr/lib/gcc/x86_64-unknown-linux-gnu/4.9.2/../../..] ==> [/usr/lib]
  implicit libs: [gfortran;m;gcc_s;gcc;quadmath;m;gcc_s;gcc;c;gcc_s;gcc]
  implicit dirs: [/usr/lib/gcc/x86_64-unknown-linux-gnu/4.9.2;/usr/lib64;/lib64;/usr/lib]
  implicit fwks: []


Determining if the Fortran compiler supports Fortran 90 passed with the following output:
Change Dir: /home/zhangjizhi/data/G4_IMP/geant4/build/CMakeFiles/CMakeTmp

Run Build Command:"/usr/bin/gmake" "cmTC_8cbe2/fast"
/usr/bin/gmake -f CMakeFiles/cmTC_8cbe2.dir/build.make CMakeFiles/cmTC_8cbe2.dir/build
gmake[1]: 进入目录“/data/d3/zhangjizhi/G4_IMP/geant4/build/CMakeFiles/CMakeTmp”
Building Fortran object CMakeFiles/cmTC_8cbe2.dir/testFortranCompilerF90.f90.o
/usr/bin/gfortran    -c /home/zhangjizhi/data/G4_IMP/geant4/build/CMakeFiles/CMakeTmp/testFortranCompilerF90.f90 -o CMakeFiles/cmTC_8cbe2.dir/testFortranCompilerF90.f90.o
Linking Fortran executable cmTC_8cbe2
/usr/bin/cmake -E cmake_link_script CMakeFiles/cmTC_8cbe2.dir/link.txt --verbose=1
/usr/bin/gfortran      CMakeFiles/cmTC_8cbe2.dir/testFortranCompilerF90.f90.o  -o cmTC_8cbe2 
gmake[1]: 离开目录“/data/d3/zhangjizhi/G4_IMP/geant4/build/CMakeFiles/CMakeTmp”


Determining if the include file pthread.h exists passed with the following output:
Change Dir: /home/zhangjizhi/data/G4_IMP/geant4/build/CMakeFiles/CMakeTmp

Run Build Command:"/usr/bin/gmake" "cmTC_ea26e/fast"
/usr/bin/gmake -f CMakeFiles/cmTC_ea26e.dir/build.make CMakeFiles/cmTC_ea26e.dir/build
gmake[1]: 进入目录“/data/d3/zhangjizhi/G4_IMP/geant4/build/CMakeFiles/CMakeTmp”
Building C object CMakeFiles/cmTC_ea26e.dir/CheckIncludeFile.c.o
/usr/bin/cc    -o CMakeFiles/cmTC_ea26e.dir/CheckIncludeFile.c.o   -c /home/zhangjizhi/data/G4_IMP/geant4/build/CMakeFiles/CMakeTmp/CheckIncludeFile.c
Linking C executable cmTC_ea26e
/usr/bin/cmake -E cmake_link_script CMakeFiles/cmTC_ea26e.dir/link.txt --verbose=1
/usr/bin/cc      CMakeFiles/cmTC_ea26e.dir/CheckIncludeFile.c.o  -o cmTC_ea26e 
gmake[1]: 离开目录“/data/d3/zhangjizhi/G4_IMP/geant4/build/CMakeFiles/CMakeTmp”


Determining if the function XOpenDisplay exists in the /usr/lib64/libX11.so;/usr/lib64/libXext.so passed with the following output:
Change Dir: /home/zhangjizhi/data/G4_IMP/geant4/build/CMakeFiles/CMakeTmp

Run Build Command:"/usr/bin/gmake" "cmTC_c1cc7/fast"
/usr/bin/gmake -f CMakeFiles/cmTC_c1cc7.dir/build.make CMakeFiles/cmTC_c1cc7.dir/build
gmake[1]: 进入目录“/data/d3/zhangjizhi/G4_IMP/geant4/build/CMakeFiles/CMakeTmp”
Building C object CMakeFiles/cmTC_c1cc7.dir/CheckFunctionExists.c.o
/usr/bin/cc   -DCHECK_FUNCTION_EXISTS=XOpenDisplay   -o CMakeFiles/cmTC_c1cc7.dir/CheckFunctionExists.c.o   -c /usr/share/cmake-3.10/Modules/CheckFunctionExists.c
Linking C executable cmTC_c1cc7
/usr/bin/cmake -E cmake_link_script CMakeFiles/cmTC_c1cc7.dir/link.txt --verbose=1
/usr/bin/cc  -DCHECK_FUNCTION_EXISTS=XOpenDisplay    CMakeFiles/cmTC_c1cc7.dir/CheckFunctionExists.c.o  -o cmTC_c1cc7 /usr/lib64/libX11.so /usr/lib64/libXext.so 
gmake[1]: 离开目录“/data/d3/zhangjizhi/G4_IMP/geant4/build/CMakeFiles/CMakeTmp”


Determining if the function gethostbyname exists passed with the following output:
Change Dir: /home/zhangjizhi/data/G4_IMP/geant4/build/CMakeFiles/CMakeTmp

Run Build Command:"/usr/bin/gmake" "cmTC_252b3/fast"
/usr/bin/gmake -f CMakeFiles/cmTC_252b3.dir/build.make CMakeFiles/cmTC_252b3.dir/build
gmake[1]: 进入目录“/data/d3/zhangjizhi/G4_IMP/geant4/build/CMakeFiles/CMakeTmp”
Building C object CMakeFiles/cmTC_252b3.dir/CheckFunctionExists.c.o
/usr/bin/cc   -DCHECK_FUNCTION_EXISTS=gethostbyname   -o CMakeFiles/cmTC_252b3.dir/CheckFunctionExists.c.o   -c /usr/share/cmake-3.10/Modules/CheckFunctionExists.c
Linking C executable cmTC_252b3
/usr/bin/cmake -E cmake_link_script CMakeFiles/cmTC_252b3.dir/link.txt --verbose=1
/usr/bin/cc  -DCHECK_FUNCTION_EXISTS=gethostbyname    CMakeFiles/cmTC_252b3.dir/CheckFunctionExists.c.o  -o cmTC_252b3 
gmake[1]: 离开目录“/data/d3/zhangjizhi/G4_IMP/geant4/build/CMakeFiles/CMakeTmp”


Determining if the function connect exists passed with the following output:
Change Dir: /home/zhangjizhi/data/G4_IMP/geant4/build/CMakeFiles/CMakeTmp

Run Build Command:"/usr/bin/gmake" "cmTC_bf110/fast"
/usr/bin/gmake -f CMakeFiles/cmTC_bf110.dir/build.make CMakeFiles/cmTC_bf110.dir/build
gmake[1]: 进入目录“/data/d3/zhangjizhi/G4_IMP/geant4/build/CMakeFiles/CMakeTmp”
Building C object CMakeFiles/cmTC_bf110.dir/CheckFunctionExists.c.o
/usr/bin/cc   -DCHECK_FUNCTION_EXISTS=connect   -o CMakeFiles/cmTC_bf110.dir/CheckFunctionExists.c.o   -c /usr/share/cmake-3.10/Modules/CheckFunctionExists.c
Linking C executable cmTC_bf110
/usr/bin/cmake -E cmake_link_script CMakeFiles/cmTC_bf110.dir/link.txt --verbose=1
/usr/bin/cc  -DCHECK_FUNCTION_EXISTS=connect    CMakeFiles/cmTC_bf110.dir/CheckFunctionExists.c.o  -o cmTC_bf110 
gmake[1]: 离开目录“/data/d3/zhangjizhi/G4_IMP/geant4/build/CMakeFiles/CMakeTmp”


Determining if the function remove exists passed with the following output:
Change Dir: /home/zhangjizhi/data/G4_IMP/geant4/build/CMakeFiles/CMakeTmp

Run Build Command:"/usr/bin/gmake" "cmTC_e318f/fast"
/usr/bin/gmake -f CMakeFiles/cmTC_e318f.dir/build.make CMakeFiles/cmTC_e318f.dir/build
gmake[1]: 进入目录“/data/d3/zhangjizhi/G4_IMP/geant4/build/CMakeFiles/CMakeTmp”
Building C object CMakeFiles/cmTC_e318f.dir/CheckFunctionExists.c.o
/usr/bin/cc   -DCHECK_FUNCTION_EXISTS=remove   -o CMakeFiles/cmTC_e318f.dir/CheckFunctionExists.c.o   -c /usr/share/cmake-3.10/Modules/CheckFunctionExists.c
Linking C executable cmTC_e318f
/usr/bin/cmake -E cmake_link_script CMakeFiles/cmTC_e318f.dir/link.txt --verbose=1
/usr/bin/cc  -DCHECK_FUNCTION_EXISTS=remove    CMakeFiles/cmTC_e318f.dir/CheckFunctionExists.c.o  -o cmTC_e318f 
gmake[1]: 离开目录“/data/d3/zhangjizhi/G4_IMP/geant4/build/CMakeFiles/CMakeTmp”


Determining if the function shmat exists passed with the following output:
Change Dir: /home/zhangjizhi/data/G4_IMP/geant4/build/CMakeFiles/CMakeTmp

Run Build Command:"/usr/bin/gmake" "cmTC_a5690/fast"
/usr/bin/gmake -f CMakeFiles/cmTC_a5690.dir/build.make CMakeFiles/cmTC_a5690.dir/build
gmake[1]: 进入目录“/data/d3/zhangjizhi/G4_IMP/geant4/build/CMakeFiles/CMakeTmp”
Building C object CMakeFiles/cmTC_a5690.dir/CheckFunctionExists.c.o
/usr/bin/cc   -DCHECK_FUNCTION_EXISTS=shmat   -o CMakeFiles/cmTC_a5690.dir/CheckFunctionExists.c.o   -c /usr/share/cmake-3.10/Modules/CheckFunctionExists.c
Linking C executable cmTC_a5690
/usr/bin/cmake -E cmake_link_script CMakeFiles/cmTC_a5690.dir/link.txt --verbose=1
/usr/bin/cc  -DCHECK_FUNCTION_EXISTS=shmat    CMakeFiles/cmTC_a5690.dir/CheckFunctionExists.c.o  -o cmTC_a5690 
gmake[1]: 离开目录“/data/d3/zhangjizhi/G4_IMP/geant4/build/CMakeFiles/CMakeTmp”


Determining if the function IceConnectionNumber exists in the ICE passed with the following output:
Change Dir: /home/zhangjizhi/data/G4_IMP/geant4/build/CMakeFiles/CMakeTmp

Run Build Command:"/usr/bin/gmake" "cmTC_85346/fast"
/usr/bin/gmake -f CMakeFiles/cmTC_85346.dir/build.make CMakeFiles/cmTC_85346.dir/build
gmake[1]: 进入目录“/data/d3/zhangjizhi/G4_IMP/geant4/build/CMakeFiles/CMakeTmp”
Building C object CMakeFiles/cmTC_85346.dir/CheckFunctionExists.c.o
/usr/bin/cc   -DCHECK_FUNCTION_EXISTS=IceConnectionNumber   -o CMakeFiles/cmTC_85346.dir/CheckFunctionExists.c.o   -c /usr/share/cmake-3.10/Modules/CheckFunctionExists.c
Linking C executable cmTC_85346
/usr/bin/cmake -E cmake_link_script CMakeFiles/cmTC_85346.dir/link.txt --verbose=1
/usr/bin/cc  -DCHECK_FUNCTION_EXISTS=IceConnectionNumber    CMakeFiles/cmTC_85346.dir/CheckFunctionExists.c.o  -o cmTC_85346 -lICE 
gmake[1]: 离开目录“/data/d3/zhangjizhi/G4_IMP/geant4/build/CMakeFiles/CMakeTmp”


